[2020/08/24 14:11:34.792 +08:00] [Error] [kv.go:272] ["fail to load safepoint from pd"] [error="context deadline exceeded"]
[2020/08/24 14:11:37.395 +08:00] [Error] [client.go:188] ["tso request is canceled due to timeout"]
[2020/08/24 14:11:37.395 +08:00] [Error] [client.go:273] ["[pd] getTS error"] [error="rpc error: code = Canceled desc = context canceled"]
[2020/08/24 14:11:37.395 +08:00] [Error] [pd.go:130] ["updateTS error"] [error="rpc error: code = Canceled desc = context canceled"]
[2020/08/24 14:11:40.396 +08:00] [Error] [client.go:188] ["tso request is canceled due to timeout"]
[2020/08/24 14:11:40.396 +08:00] [Error] [client.go:273] ["[pd] getTS error"] [error="rpc error: code = Canceled desc = context canceled"]
[2020/08/24 14:12:20.777 +08:00] [Error] [domain.go:470] ["refresh topology in loop failed"] [error="context deadline exceeded"]
[2020/08/24 14:12:30.797 +08:00] [Error] [kv.go:272] ["fail to load safepoint from pd"] [error="context deadline exceeded"]
[2020/08/24 14:12:46.718 +08:00] [Error] [domain.go:470] ["refresh topology in loop failed"] [error="etcdserver: requested lease not found"]
[2020/08/24 14:12:46.799 +08:00] [Error] [kv.go:272] ["fail to load safepoint from pd"] [error="context deadline exceeded"]
[2020/08/24 14:13:16.716 +08:00] [Error] [domain.go:470] ["refresh topology in loop failed"] [error="etcdserver: requested lease not found"]
[2020/08/24 14:13:32.803 +08:00] [Error] [kv.go:272] ["fail to load safepoint from pd"] [error="context deadline exceeded"]
[2020/08/24 14:13:46.717 +08:00] [Error] [domain.go:470] ["refresh topology in loop failed"] [error="etcdserver: requested lease not found"]
[2020/08/24 14:13:48.804 +08:00] [Error] [kv.go:272] ["fail to load safepoint from pd"] [error="context deadline exceeded"]
[2020/08/24 14:14:04.805 +08:00] [Error] [kv.go:272] ["fail to load safepoint from pd"] [error="context deadline exceeded"]
[2020/08/24 14:14:16.716 +08:00] [Error] [domain.go:470] ["refresh topology in loop failed"] [error="etcdserver: requested lease not found"]
[2020/08/24 14:14:30.808 +08:00] [Error] [kv.go:272] ["fail to load safepoint from pd"] [error="context deadline exceeded"]
[2020/08/24 14:14:46.716 +08:00] [Error] [domain.go:470] ["refresh topology in loop failed"] [error="etcdserver: requested lease not found"]
[2020/08/24 14:14:46.809 +08:00] [Error] [kv.go:272] ["fail to load safepoint from pd"] [error="context deadline exceeded"]
[2020/08/24 14:15:16.716 +08:00] [Error] [domain.go:470] ["refresh topology in loop failed"] [error="etcdserver: requested lease not found"]
[2020/08/24 14:15:32.813 +08:00] [Error] [kv.go:272] ["fail to load safepoint from pd"] [error="context deadline exceeded"]
[2020/08/24 14:15:46.717 +08:00] [Error] [domain.go:470] ["refresh topology in loop failed"] [error="etcdserver: requested lease not found"]
[2020/08/24 14:15:48.814 +08:00] [Error] [kv.go:272] ["fail to load safepoint from pd"] [error="context deadline exceeded"]
[2020/08/24 14:16:04.816 +08:00] [Error] [kv.go:272] ["fail to load safepoint from pd"] [error="context deadline exceeded"]
[2020/08/24 14:16:16.716 +08:00] [Error] [domain.go:470] ["refresh topology in loop failed"] [error="etcdserver: requested lease not found"]
[2020/08/24 14:16:30.818 +08:00] [Error] [kv.go:272] ["fail to load safepoint from pd"] [error="context deadline exceeded"]
[2020/08/24 14:16:46.716 +08:00] [Error] [domain.go:470] ["refresh topology in loop failed"] [error="etcdserver: requested lease not found"]
[2020/08/24 14:16:46.819 +08:00] [Error] [kv.go:272] ["fail to load safepoint from pd"] [error="context deadline exceeded"]
[2020/08/24 14:17:20.775 +08:00] [Error] [domain.go:470] ["refresh topology in loop failed"] [error="context deadline exceeded"]
[2020/08/24 14:17:32.823 +08:00] [Error] [kv.go:272] ["fail to load safepoint from pd"] [error="context deadline exceeded"]
[2020/08/24 14:17:46.716 +08:00] [Error] [domain.go:470] ["refresh topology in loop failed"] [error="etcdserver: requested lease not found"]
[2020/08/24 14:17:48.824 +08:00] [Error] [kv.go:272] ["fail to load safepoint from pd"] [error="context deadline exceeded"]
[2020/08/24 14:18:04.826 +08:00] [Error] [kv.go:272] ["fail to load safepoint from pd"] [error="context deadline exceeded"]
[2020/08/24 14:18:18.716 +08:00] [Error] [domain.go:470] ["refresh topology in loop failed"] [error="etcdserver: requested lease not found"]
[2020/08/24 14:18:23.648 +08:00] [Error] [domain.go:498] ["reload schema in loop failed"] [error="[tikv:9002]TiKV server timeout"]
[2020/08/24 14:18:30.828 +08:00] [Error] [kv.go:272] ["fail to load safepoint from pd"] [error="context deadline exceeded"]
[2020/08/24 14:18:46.716 +08:00] [Error] [domain.go:470] ["refresh topology in loop failed"] [error="etcdserver: requested lease not found"]
[2020/08/24 14:18:46.829 +08:00] [Error] [kv.go:272] ["fail to load safepoint from pd"] [error="context deadline exceeded"]
[2020/08/24 14:19:18.714 +08:00] [Error] [domain.go:470] ["refresh topology in loop failed"] [error="context deadline exceeded"]
[2020/08/24 14:19:32.834 +08:00] [Error] [kv.go:272] ["fail to load safepoint from pd"] [error="context deadline exceeded"]
[2020/08/24 14:19:46.717 +08:00] [Error] [domain.go:470] ["refresh topology in loop failed"] [error="etcdserver: requested lease not found"]
[2020/08/24 14:19:48.835 +08:00] [Error] [kv.go:272] ["fail to load safepoint from pd"] [error="context deadline exceeded"]
[2020/08/24 14:20:04.836 +08:00] [Error] [kv.go:272] ["fail to load safepoint from pd"] [error="context deadline exceeded"]
[2020/08/24 14:20:16.717 +08:00] [Error] [domain.go:470] ["refresh topology in loop failed"] [error="etcdserver: requested lease not found"]
[2020/08/24 14:20:30.839 +08:00] [Error] [kv.go:272] ["fail to load safepoint from pd"] [error="context deadline exceeded"]
[2020/08/24 14:20:46.718 +08:00] [Error] [domain.go:470] ["refresh topology in loop failed"] [error="etcdserver: requested lease not found"]
[2020/08/24 14:20:46.840 +08:00] [Error] [kv.go:272] ["fail to load safepoint from pd"] [error="context deadline exceeded"]
[2020/08/24 14:21:16.715 +08:00] [Error] [domain.go:470] ["refresh topology in loop failed"] [error="etcdserver: requested lease not found"]
[2020/08/24 14:21:32.844 +08:00] [Error] [kv.go:272] ["fail to load safepoint from pd"] [error="context deadline exceeded"]
[2020/08/24 14:21:42.717 +08:00] [Error] [info.go:401] ["update minStartTS failed"] [error="etcdserver: requested lease not found"]
[2020/08/24 14:21:48.715 +08:00] [Error] [domain.go:470] ["refresh topology in loop failed"] [error="context deadline exceeded"]
[2020/08/24 14:21:48.845 +08:00] [Error] [kv.go:272] ["fail to load safepoint from pd"] [error="context deadline exceeded"]
[2020/08/24 14:21:57.666 +08:00] [Error] [http_status.go:321] ["start status/rpc server error"] [error="accept tcp [::]:10080: use of closed network connection"]
[2020/08/24 14:21:57.666 +08:00] [Error] [http_status.go:311] ["grpc server error"] [error="mux: listener closed"]
[2020/08/24 14:21:57.666 +08:00] [Error] [http_status.go:316] ["http server error"] [error="http: Server closed"]
[2020/08/24 14:21:59.023 +08:00] [Error] [domain.go:847] ["load privilege failed"] [error="[privilege:8049]mysql.db"]
[2020/08/24 14:21:59.023 +08:00] [Error] [domain.go:834] ["load privilege loop watch channel closed"]
[2020/08/24 14:22:04.847 +08:00] [Error] [kv.go:272] ["fail to load safepoint from pd"] [error="context deadline exceeded"]
[2020/08/24 14:22:13.627 +08:00] [Error] [domain.go:498] ["reload schema in loop failed"] [error="tidb server shutting down"]
