[2020/08/24 14:11:37.182 +08:00] [Error] [client.go:188] ["tso request is canceled due to timeout"]
[2020/08/24 14:11:37.182 +08:00] [Error] [client.go:273] ["[pd] getTS error"] [error="rpc error: code = Canceled desc = context canceled"]
[2020/08/24 14:11:40.182 +08:00] [Error] [client.go:188] ["tso request is canceled due to timeout"]
[2020/08/24 14:11:40.182 +08:00] [Error] [client.go:273] ["[pd] getTS error"] [error="rpc error: code = Canceled desc = context canceled"]
[2020/08/24 14:11:40.182 +08:00] [Error] [pd.go:130] ["updateTS error"] [error="rpc error: code = Canceled desc = context canceled"]
[2020/08/24 14:11:56.308 +08:00] [Error] [kv.go:272] ["fail to load safepoint from pd"] [error="context deadline exceeded"]
[2020/08/24 14:12:17.761 +08:00] [Error] [domain.go:470] ["refresh topology in loop failed"] [error="etcdserver: requested lease not found"]
[2020/08/24 14:12:32.311 +08:00] [Error] [kv.go:272] ["fail to load safepoint from pd"] [error="context deadline exceeded"]
[2020/08/24 14:12:47.760 +08:00] [Error] [domain.go:470] ["refresh topology in loop failed"] [error="etcdserver: requested lease not found"]
[2020/08/24 14:12:48.312 +08:00] [Error] [kv.go:272] ["fail to load safepoint from pd"] [error="context deadline exceeded"]
[2020/08/24 14:13:17.762 +08:00] [Error] [domain.go:470] ["refresh topology in loop failed"] [error="context deadline exceeded"]
[2020/08/24 14:13:34.316 +08:00] [Error] [kv.go:272] ["fail to load safepoint from pd"] [error="context deadline exceeded"]
[2020/08/24 14:13:47.763 +08:00] [Error] [domain.go:470] ["refresh topology in loop failed"] [error="etcdserver: requested lease not found"]
[2020/08/24 14:13:50.317 +08:00] [Error] [kv.go:272] ["fail to load safepoint from pd"] [error="context deadline exceeded"]
[2020/08/24 14:14:06.319 +08:00] [Error] [kv.go:272] ["fail to load safepoint from pd"] [error="context deadline exceeded"]
[2020/08/24 14:14:17.762 +08:00] [Error] [domain.go:470] ["refresh topology in loop failed"] [error="etcdserver: requested lease not found"]
[2020/08/24 14:14:32.321 +08:00] [Error] [kv.go:272] ["fail to load safepoint from pd"] [error="context deadline exceeded"]
[2020/08/24 14:14:48.322 +08:00] [Error] [kv.go:272] ["fail to load safepoint from pd"] [error="context deadline exceeded"]
[2020/08/24 14:14:49.760 +08:00] [Error] [domain.go:470] ["refresh topology in loop failed"] [error="etcdserver: requested lease not found"]
[2020/08/24 14:15:17.762 +08:00] [Error] [domain.go:470] ["refresh topology in loop failed"] [error="etcdserver: requested lease not found"]
[2020/08/24 14:15:34.326 +08:00] [Error] [kv.go:272] ["fail to load safepoint from pd"] [error="context deadline exceeded"]
[2020/08/24 14:15:47.761 +08:00] [Error] [domain.go:470] ["refresh topology in loop failed"] [error="etcdserver: requested lease not found"]
[2020/08/24 14:15:50.327 +08:00] [Error] [kv.go:272] ["fail to load safepoint from pd"] [error="context deadline exceeded"]
[2020/08/24 14:16:06.329 +08:00] [Error] [kv.go:272] ["fail to load safepoint from pd"] [error="context deadline exceeded"]
[2020/08/24 14:16:19.760 +08:00] [Error] [domain.go:470] ["refresh topology in loop failed"] [error="context deadline exceeded"]
[2020/08/24 14:16:32.331 +08:00] [Error] [kv.go:272] ["fail to load safepoint from pd"] [error="context deadline exceeded"]
[2020/08/24 14:16:47.765 +08:00] [Error] [domain.go:470] ["refresh topology in loop failed"] [error="etcdserver: requested lease not found"]
[2020/08/24 14:16:48.332 +08:00] [Error] [kv.go:272] ["fail to load safepoint from pd"] [error="context deadline exceeded"]
[2020/08/24 14:17:17.762 +08:00] [Error] [domain.go:470] ["refresh topology in loop failed"] [error="etcdserver: requested lease not found"]
[2020/08/24 14:17:34.336 +08:00] [Error] [kv.go:272] ["fail to load safepoint from pd"] [error="context deadline exceeded"]
[2020/08/24 14:17:43.881 +08:00] [Error] [domain.go:498] ["reload schema in loop failed"] [error="[tikv:9002]TiKV server timeout"]
[2020/08/24 14:17:47.762 +08:00] [Error] [domain.go:470] ["refresh topology in loop failed"] [error="etcdserver: requested lease not found"]
[2020/08/24 14:17:50.337 +08:00] [Error] [kv.go:272] ["fail to load safepoint from pd"] [error="context deadline exceeded"]
[2020/08/24 14:18:06.339 +08:00] [Error] [kv.go:272] ["fail to load safepoint from pd"] [error="context deadline exceeded"]
[2020/08/24 14:18:17.762 +08:00] [Error] [domain.go:470] ["refresh topology in loop failed"] [error="etcdserver: requested lease not found"]
[2020/08/24 14:18:32.341 +08:00] [Error] [kv.go:272] ["fail to load safepoint from pd"] [error="context deadline exceeded"]
[2020/08/24 14:18:47.761 +08:00] [Error] [domain.go:470] ["refresh topology in loop failed"] [error="etcdserver: requested lease not found"]
[2020/08/24 14:18:48.342 +08:00] [Error] [kv.go:272] ["fail to load safepoint from pd"] [error="context deadline exceeded"]
[2020/08/24 14:19:17.761 +08:00] [Error] [domain.go:470] ["refresh topology in loop failed"] [error="etcdserver: requested lease not found"]
[2020/08/24 14:19:34.346 +08:00] [Error] [kv.go:272] ["fail to load safepoint from pd"] [error="context deadline exceeded"]
[2020/08/24 14:19:49.791 +08:00] [Error] [domain.go:470] ["refresh topology in loop failed"] [error="context deadline exceeded"]
[2020/08/24 14:19:50.347 +08:00] [Error] [kv.go:272] ["fail to load safepoint from pd"] [error="context deadline exceeded"]
[2020/08/24 14:20:06.349 +08:00] [Error] [kv.go:272] ["fail to load safepoint from pd"] [error="context deadline exceeded"]
[2020/08/24 14:20:17.761 +08:00] [Error] [domain.go:470] ["refresh topology in loop failed"] [error="etcdserver: requested lease not found"]
[2020/08/24 14:20:32.351 +08:00] [Error] [kv.go:272] ["fail to load safepoint from pd"] [error="context deadline exceeded"]
[2020/08/24 14:20:47.761 +08:00] [Error] [domain.go:470] ["refresh topology in loop failed"] [error="etcdserver: requested lease not found"]
[2020/08/24 14:20:48.352 +08:00] [Error] [kv.go:272] ["fail to load safepoint from pd"] [error="context deadline exceeded"]
[2020/08/24 14:21:17.763 +08:00] [Error] [domain.go:470] ["refresh topology in loop failed"] [error="etcdserver: requested lease not found"]
[2020/08/24 14:21:34.356 +08:00] [Error] [kv.go:272] ["fail to load safepoint from pd"] [error="context deadline exceeded"]
[2020/08/24 14:21:43.773 +08:00] [Error] [info.go:401] ["update minStartTS failed"] [error="etcdserver: requested lease not found"]
[2020/08/24 14:21:47.763 +08:00] [Error] [domain.go:470] ["refresh topology in loop failed"] [error="etcdserver: requested lease not found"]
[2020/08/24 14:21:50.357 +08:00] [Error] [kv.go:272] ["fail to load safepoint from pd"] [error="context deadline exceeded"]
[2020/08/24 14:21:57.667 +08:00] [Error] [http_status.go:321] ["start status/rpc server error"] [error="accept tcp [::]:10080: use of closed network connection"]
[2020/08/24 14:21:57.667 +08:00] [Error] [http_status.go:311] ["grpc server error"] [error="mux: listener closed"]
[2020/08/24 14:21:57.667 +08:00] [Error] [http_status.go:316] ["http server error"] [error="http: Server closed"]
[2020/08/24 14:21:58.496 +08:00] [Error] [domain.go:847] ["load privilege failed"] [error="[privilege:8049]mysql.db"]
[2020/08/24 14:21:58.496 +08:00] [Error] [domain.go:834] ["load privilege loop watch channel closed"]
[2020/08/24 14:22:01.360 +08:00] [Error] [analyze.go:116] ["save stats to storage failed"] [error="previous statement: update mysql.stats_histograms set last_analyze_pos = X'39393935363338333832362D39333036333738383337322D37383539363337353433312D32373633333536333232362D34333132323635343434352D31393231333536343339302D32373238393930303732362D30363839393739303136392D39313234393139363633312D3334323536333435363735' where table_id = 204 and is_index = 0 and hist_id = 3: tidb server shutting down"]
[2020/08/24 14:22:06.359 +08:00] [Error] [kv.go:272] ["fail to load safepoint from pd"] [error="context deadline exceeded"]
[2020/08/24 14:22:17.347 +08:00] [Error] [domain.go:498] ["reload schema in loop failed"] [error="tidb server shutting down"]
[2020/08/24 14:22:32.361 +08:00] [Error] [kv.go:272] ["fail to load safepoint from pd"] [error="context deadline exceeded"]
[2020/08/24 14:22:37.348 +08:00] [Error] [domain.go:503] ["reload schema in loop failed"] [error="tidb server shutting down"]
[2020/08/24 14:22:48.362 +08:00] [Error] [kv.go:272] ["fail to load safepoint from pd"] [error="context deadline exceeded"]
[2020/08/24 14:23:01.362 +08:00] [Error] [analyze.go:116] ["save stats to storage failed"] [error="tidb server shutting down"]
