[2020/08/24 14:11:54.390 +08:00] [Error] [util.rs:286] ["request failed, retry"] [err="Grpc(RpcFailure(RpcStatus { status: 2-UNKNOWN, details: Some(\"can not get timestamp\") }))"]
[2020/08/24 14:12:07.291 +08:00] [Error] [util.rs:286] ["request failed, retry"] [err="Grpc(RpcFailure(RpcStatus { status: 2-UNKNOWN, details: Some(\"rpc error: code = Unavailable desc = not leader\") }))"]
[2020/08/24 14:12:07.292 +08:00] [Error] [util.rs:286] ["request failed, retry"] [err="Grpc(RpcFailure(RpcStatus { status: 2-UNKNOWN, details: Some(\"rpc error: code = Unavailable desc = not leader\") }))"]
[2020/08/24 14:12:07.292 +08:00] [Error] [util.rs:286] ["request failed, retry"] [err="Grpc(RpcFailure(RpcStatus { status: 2-UNKNOWN, details: Some(\"rpc error: code = Unavailable desc = not leader\") }))"]
[2020/08/24 14:12:14.402 +08:00] [Error] [util.rs:286] ["request failed, retry"] [err="Grpc(RpcFailure(RpcStatus { status: 2-UNKNOWN, details: Some(\"can not get timestamp\") }))"]
[2020/08/24 14:23:27.982 +08:00] [Error] [kv.rs:613] ["KvService::batch_raft send response fail"] [err=RemoteStopped]
[2020/08/24 14:23:27.982 +08:00] [Error] [kv.rs:613] ["KvService::batch_raft send response fail"] [err=RemoteStopped]
[2020/08/24 14:23:27.985 +08:00] [Error] [kv.rs:923] ["KvService response batch commands fail"]
[2020/08/24 14:23:27.985 +08:00] [Error] [kv.rs:923] ["KvService response batch commands fail"]
[2020/08/24 14:23:27.985 +08:00] [Error] [kv.rs:923] ["KvService response batch commands fail"]
[2020/08/24 14:23:27.985 +08:00] [Error] [kv.rs:923] ["KvService response batch commands fail"]
[2020/08/24 14:23:27.985 +08:00] [Error] [kv.rs:923] ["KvService response batch commands fail"]
[2020/08/24 14:23:27.985 +08:00] [Error] [kv.rs:923] ["KvService response batch commands fail"]
[2020/08/24 14:23:27.985 +08:00] [Error] [kv.rs:923] ["KvService response batch commands fail"]
[2020/08/24 14:23:27.985 +08:00] [Error] [kv.rs:923] ["KvService response batch commands fail"]
[2020/08/24 14:23:27.985 +08:00] [Error] [kv.rs:923] ["KvService response batch commands fail"]
[2020/08/24 14:23:27.985 +08:00] [Error] [kv.rs:923] ["KvService response batch commands fail"]
[2020/08/24 14:23:27.985 +08:00] [Error] [kv.rs:923] ["KvService response batch commands fail"]
[2020/08/24 14:23:27.985 +08:00] [Error] [kv.rs:923] ["KvService response batch commands fail"]
[2020/08/24 14:23:27.985 +08:00] [Error] [kv.rs:923] ["KvService response batch commands fail"]
[2020/08/24 14:23:27.985 +08:00] [Error] [kv.rs:923] ["KvService response batch commands fail"]
[2020/08/24 14:23:27.985 +08:00] [Error] [kv.rs:923] ["KvService response batch commands fail"]
[2020/08/24 14:23:27.985 +08:00] [Error] [kv.rs:923] ["KvService response batch commands fail"]
[2020/08/24 14:23:27.985 +08:00] [Error] [kv.rs:923] ["KvService response batch commands fail"]
[2020/08/24 14:23:27.985 +08:00] [Error] [kv.rs:923] ["KvService response batch commands fail"]
[2020/08/24 14:26:48.869 +08:00] [Error] [status_server.rs:577] ["failed to register addr to pd"] [response="Response { url: \"http://172.25.185.6:2379/pd/api/v1/component\", status: 400, headers: {\"access-control-allow-headers\": \"accept, content-type, authorization\", \"access-control-allow-methods\": \"POST, GET, OPTIONS, PUT, DELETE\", \"access-control-allow-origin\": \"*\", \"content-type\": \"application/json; charset=UTF-8\", \"date\": \"Mon, 24 Aug 2020 06:26:48 GMT\", \"content-length\": \"72\"} }"]
[2020/08/24 14:26:48.872 +08:00] [Error] [status_server.rs:577] ["failed to register addr to pd"] [response="Response { url: \"http://172.25.185.6:2379/pd/api/v1/component\", status: 400, headers: {\"access-control-allow-headers\": \"accept, content-type, authorization\", \"access-control-allow-methods\": \"POST, GET, OPTIONS, PUT, DELETE\", \"access-control-allow-origin\": \"*\", \"content-type\": \"application/json; charset=UTF-8\", \"date\": \"Mon, 24 Aug 2020 06:26:48 GMT\", \"content-length\": \"72\"} }"]
[2020/08/24 14:26:48.872 +08:00] [Error] [status_server.rs:577] ["failed to register addr to pd"] [response="Response { url: \"http://172.25.185.6:2379/pd/api/v1/component\", status: 400, headers: {\"access-control-allow-headers\": \"accept, content-type, authorization\", \"access-control-allow-methods\": \"POST, GET, OPTIONS, PUT, DELETE\", \"access-control-allow-origin\": \"*\", \"content-type\": \"application/json; charset=UTF-8\", \"date\": \"Mon, 24 Aug 2020 06:26:48 GMT\", \"content-length\": \"72\"} }"]
[2020/08/24 14:26:48.872 +08:00] [Error] [status_server.rs:577] ["failed to register addr to pd"] [response="Response { url: \"http://172.25.185.6:2379/pd/api/v1/component\", status: 400, headers: {\"access-control-allow-headers\": \"accept, content-type, authorization\", \"access-control-allow-methods\": \"POST, GET, OPTIONS, PUT, DELETE\", \"access-control-allow-origin\": \"*\", \"content-type\": \"application/json; charset=UTF-8\", \"date\": \"Mon, 24 Aug 2020 06:26:48 GMT\", \"content-length\": \"72\"} }"]
[2020/08/24 14:26:48.872 +08:00] [Error] [status_server.rs:577] ["failed to register addr to pd"] [response="Response { url: \"http://172.25.185.6:2379/pd/api/v1/component\", status: 400, headers: {\"access-control-allow-headers\": \"accept, content-type, authorization\", \"access-control-allow-methods\": \"POST, GET, OPTIONS, PUT, DELETE\", \"access-control-allow-origin\": \"*\", \"content-type\": \"application/json; charset=UTF-8\", \"date\": \"Mon, 24 Aug 2020 06:26:48 GMT\", \"content-length\": \"72\"} }"]
[2020/08/24 14:26:48.872 +08:00] [Error] [status_server.rs:586] ["failed to register addr to pd after 5 tries"]
